{"total": {"lines":{"total":34,"covered":34,"skipped":0,"pct":100},"statements":{"total":36,"covered":36,"skipped":0,"pct":100},"functions":{"total":12,"covered":12,"skipped":0,"pct":100},"branches":{"total":30,"covered":28,"skipped":0,"pct":93.33},"branchesTrue":{"total":0,"covered":0,"skipped":0,"pct":"Unknown"}}
,"C:\\Users\\arjel\\Downloads\\trini-thrive-mobile\\hope-card\\services\\api.ts": {"lines":{"total":34,"covered":34,"skipped":0,"pct":100},"functions":{"total":12,"covered":12,"skipped":0,"pct":100},"statements":{"total":36,"covered":36,"skipped":0,"pct":100},"branches":{"total":30,"covered":28,"skipped":0,"pct":93.33}}
}
