TN:
SF:services\api.ts
FN:7,setToken
FN:11,setUnauthorizedHandler
FN:16,(anonymous_2)
FN:22,handleResponse
FN:28,(anonymous_4)
FN:35,request
FN:57,apiGet
FN:61,apiPost
FN:65,apiPut
FN:69,apiPatch
FN:73,apiDelete
FN:77,apiUpload
FNF:12
FNH:12
FNDA:24,setToken
FNDA:2,setUnauthorizedHandler
FNDA:5,(anonymous_2)
FNDA:17,handleResponse
FNDA:1,(anonymous_4)
FNDA:15,request
FNDA:7,apiGet
FNDA:2,apiPost
FNDA:2,apiPut
FNDA:2,apiPatch
FNDA:2,apiDelete
FNDA:2,apiUpload
DA:2,1
DA:4,1
DA:5,1
DA:8,24
DA:12,2
DA:17,5
DA:18,5
DA:23,17
DA:24,2
DA:25,2
DA:27,15
DA:28,3
DA:29,3
DA:31,12
DA:32,9
DA:40,15
DA:44,15
DA:45,6
DA:48,15
DA:49,6
DA:52,15
DA:54,15
DA:58,7
DA:62,2
DA:66,2
DA:70,2
DA:74,2
DA:82,2
DA:83,2
DA:85,2
DA:86,2
DA:87,1
DA:90,2
DA:92,2
LF:34
LH:34
BRDA:2,0,0,1
BRDA:2,0,1,1
BRDA:23,1,0,2
BRDA:23,1,1,15
BRDA:27,2,0,3
BRDA:27,2,1,12
BRDA:29,3,0,3
BRDA:29,3,1,1
BRDA:31,4,0,3
BRDA:31,4,1,9
BRDA:37,5,0,0
BRDA:38,6,0,0
BRDA:44,7,0,6
BRDA:44,7,1,9
BRDA:44,8,0,15
BRDA:44,8,1,6
BRDA:48,9,0,6
BRDA:48,9,1,9
BRDA:48,10,0,15
BRDA:48,10,1,6
BRDA:57,11,0,2
BRDA:61,12,0,1
BRDA:65,13,0,1
BRDA:69,14,0,1
BRDA:73,15,0,1
BRDA:80,16,0,1
BRDA:86,17,0,1
BRDA:86,17,1,1
BRDA:86,18,0,2
BRDA:86,18,1,1
BRF:30
BRH:28
end_of_record
